nohup: ignoring input
generated augmented sentences with eda for new_c/Regis_44418_trends_2020-06-02-17-23_1000.log to new_aug/augmented_0.txt with num_aug=50
9
generated augmented sentences with eda for new_c/%22Love+and+Light%22_1582504_trends_2020-06-02-17-00_1000.log to new_aug/augmented_1.txt with num_aug=50
14
generated augmented sentences with eda for new_c/Issa_1582504_trends_2020-06-02-15-28_1000.log to new_aug/augmented_2.txt with num_aug=50
19
generated augmented sentences with eda for new_c/%23qanda_1105779_trends_2020-06-02-11-25_1000.log to new_aug/augmented_3.txt with num_aug=50
23
generated augmented sentences with eda for new_c/%23PokemonSwordShield_44418_trends_2020-06-02-18-55_1000.log to new_aug/augmented_4.txt with num_aug=50
28
generated augmented sentences with eda for new_c/%23BBNaijaReunion_1582504_trends_2020-06-02-10-14_1000.log to new_aug/augmented_5.txt with num_aug=50
33
generated augmented sentences with eda for new_c/%22My+Instagram%22_44418_trends_2020-06-02-17-23_1000.log to new_aug/augmented_6.txt with num_aug=50
36
generated augmented sentences with eda for new_c/%22Rolling+Ray%22_2487956_trends_2020-06-02-12-25_1000.log to new_aug/augmented_7.txt with num_aug=50
37
generated augmented sentences with eda for new_c/%22carole+baskin%22_1582504_trends_2020-06-02-14-57_1000.log to new_aug/augmented_8.txt with num_aug=50
40
generated augmented sentences with eda for new_c/%22Wes+Unseld%22_2487956_trends_2020-06-02-18-23_1000.log to new_aug/augmented_9.txt with num_aug=50
45
generated augmented sentences with eda for new_c/%22Wes+Unseld%22_2487956_trends_2020-06-02-19-25_1000.log to new_aug/augmented_10.txt with num_aug=50
49
generated augmented sentences with eda for new_c/%22GO+VOTE%22_2487956_trends_2020-06-02-18-23_1000.log to new_aug/augmented_11.txt with num_aug=50
54
generated augmented sentences with eda for new_c/%22Circus+Circus%22_2487956_trends_2020-06-02-12-56_1000.log to new_aug/augmented_12.txt with num_aug=50
58
generated augmented sentences with eda for new_c/%23InsecureHBO_1582504_trends_2020-06-02-14-27_1000.log to new_aug/augmented_13.txt with num_aug=50
62
generated augmented sentences with eda for new_c/Domination_44418_trends_2020-06-02-17-53_1000.log to new_aug/augmented_14.txt with num_aug=50
67
generated augmented sentences with eda for new_c/%23tuesdayvibes_1582504_trends_2020-06-02-10-14_1000.log to new_aug/augmented_15.txt with num_aug=50
72
generated augmented sentences with eda for new_c/%22STREAM+TO+DONATE%22_2487956_trends_2020-06-02-19-25_1000.log to new_aug/augmented_16.txt with num_aug=50
77
generated augmented sentences with eda for new_c/Naya_2487956_trends_2020-06-02-10-46_1000.log to new_aug/augmented_17.txt with num_aug=50
82
generated augmented sentences with eda for new_c/%23cowardinchief_1105779_trends_2020-06-02-19-24_1000.log to new_aug/augmented_18.txt with num_aug=50
88
generated augmented sentences with eda for new_c/Enzo_1582504_trends_2020-06-02-18-52_1000.log to new_aug/augmented_19.txt with num_aug=50
91
generated augmented sentences with eda for new_c/Dragons_1105779_trends_2020-06-02-11-25_1000.log to new_aug/augmented_20.txt with num_aug=50
98
generated augmented sentences with eda for new_c/%23TuesdayMotivation_1582504_trends_2020-06-02-10-52_1000.log to new_aug/augmented_21.txt with num_aug=50
106
generated augmented sentences with eda for new_c/%22Joe+Exotic%22_44418_trends_2020-06-02-17-23_1000.log to new_aug/augmented_22.txt with num_aug=50
110
generated augmented sentences with eda for new_c/Lawrence_1582504_trends_2020-06-02-14-57_1000.log to new_aug/augmented_23.txt with num_aug=50
115
generated augmented sentences with eda for new_c/Providence_2487956_trends_2020-06-02-12-25_1000.log to new_aug/augmented_24.txt with num_aug=50
121
generated augmented sentences with eda for new_c/%23TheShowMustBePaused_1105779_trends_2020-06-02-10-46_1000.log to new_aug/augmented_25.txt with num_aug=50
127
generated augmented sentences with eda for new_c/%22Your+8%22_2487956_trends_2020-06-02-17-52_1000.log to new_aug/augmented_26.txt with num_aug=50
131
generated augmented sentences with eda for new_c/%23AboriginalLivesMatter_1105779_trends_2020-06-02-11-25_1000.log to new_aug/augmented_27.txt with num_aug=50
136
generated augmented sentences with eda for new_c/%23WWERAW_1105779_trends_2020-06-02-18-23_1000.log to new_aug/augmented_28.txt with num_aug=50
141
generated augmented sentences with eda for new_c/%23pridemonth2020_1582504_trends_2020-06-02-14-27_1000.log to new_aug/augmented_29.txt with num_aug=50
148
generated augmented sentences with eda for new_c/%23WendysIsOverParty_2487956_trends_2020-06-02-11-55_1000.log to new_aug/augmented_30.txt with num_aug=50
151
generated augmented sentences with eda for new_c/%23savenyc_2487956_trends_2020-06-02-17-21_1000.log to new_aug/augmented_31.txt with num_aug=50
153
generated augmented sentences with eda for new_c/%22Majek+Fashek%22_2487956_trends_2020-06-02-11-55_1000.log to new_aug/augmented_32.txt with num_aug=50
158
generated augmented sentences with eda for new_c/%23AirtimeData_1582504_trends_2020-06-02-19-23_1000.log to new_aug/augmented_33.txt with num_aug=50
158
generated augmented sentences with eda for new_c/Carrot_1582504_trends_2020-06-02-17-51_1000.log to new_aug/augmented_34.txt with num_aug=50
164
generated augmented sentences with eda for new_c/glee_1105779_trends_2020-06-02-10-54_1000.log to new_aug/augmented_35.txt with num_aug=50
168
generated augmented sentences with eda for new_c/%23AirtimeData_1582504_trends_2020-06-02-18-52_1000.log to new_aug/augmented_36.txt with num_aug=50
169
generated augmented sentences with eda for new_c/%22Channel+7%22_1105779_trends_2020-06-02-11-55_1000.log to new_aug/augmented_37.txt with num_aug=50
175
generated augmented sentences with eda for new_c/%23AlcoholMustFall_1582504_trends_2020-06-02-11-54_1000.log to new_aug/augmented_38.txt with num_aug=50
179
generated augmented sentences with eda for new_c/Tshego_1582504_trends_2020-06-02-18-52_1000.log to new_aug/augmented_39.txt with num_aug=50
183
generated augmented sentences with eda for new_c/Nathan_1582504_trends_2020-06-02-19-23_1000.log to new_aug/augmented_40.txt with num_aug=50
189
generated augmented sentences with eda for new_c/%23HuaweiAppGallery_1582504_trends_2020-06-02-17-21_1000.log to new_aug/augmented_41.txt with num_aug=50
193
generated augmented sentences with eda for new_c/%23PoliceBrutality_1105779_trends_2020-06-02-10-54_1000.log to new_aug/augmented_42.txt with num_aug=50
199
generated augmented sentences with eda for new_c/Fairfield_2487956_trends_2020-06-02-11-55_1000.log to new_aug/augmented_43.txt with num_aug=50
204
generated augmented sentences with eda for new_c/Yvette_44418_trends_2020-06-02-18-55_1000.log to new_aug/augmented_44.txt with num_aug=50
209
generated augmented sentences with eda for new_c/%23BigTachaNaija_1582504_trends_2020-06-02-10-45_1000.log to new_aug/augmented_45.txt with num_aug=50
214
generated augmented sentences with eda for new_c/winwin_44418_trends_2020-06-02-18-24_1000.log to new_aug/augmented_46.txt with num_aug=50
216
generated augmented sentences with eda for new_c/%22the+project%22_1105779_trends_2020-06-02-18-54_1000.log to new_aug/augmented_47.txt with num_aug=50
227
generated augmented sentences with eda for new_c/McDonald_44418_trends_2020-06-02-18-55_1000.log to new_aug/augmented_48.txt with num_aug=50
232
generated augmented sentences with eda for new_c/sunrise_1105779_trends_2020-06-02-19-24_1000.log to new_aug/augmented_49.txt with num_aug=50
238
generated augmented sentences with eda for new_c/%222+Virgils%22_1582504_trends_2020-06-02-12-55_1000.log to new_aug/augmented_50.txt with num_aug=50
239
generated augmented sentences with eda for new_c/%22Scott+Walker%22_2487956_trends_2020-06-02-17-52_1000.log to new_aug/augmented_51.txt with num_aug=50
244
generated augmented sentences with eda for new_c/%22Ben+Sasse%22_2487956_trends_2020-06-02-17-21_1000.log to new_aug/augmented_52.txt with num_aug=50
247
generated augmented sentences with eda for new_c/Archbishop_2487956_trends_2020-06-02-18-23_1000.log to new_aug/augmented_53.txt with num_aug=50
252
generated augmented sentences with eda for new_c/%22SILENT+MAJORITY%22_2487956_trends_2020-06-02-17-21_1000.log to new_aug/augmented_54.txt with num_aug=50
256
generated augmented sentences with eda for new_c/Speaker_44418_trends_2020-06-02-17-53_1000.log to new_aug/augmented_55.txt with num_aug=50
263
generated augmented sentences with eda for new_c/%23unpredictabletacha_1582504_trends_2020-06-02-13-25_1000.log to new_aug/augmented_56.txt with num_aug=50
269
generated augmented sentences with eda for new_c/%23Liquorshops_1582504_trends_2020-06-02-15-28_1000.log to new_aug/augmented_57.txt with num_aug=50
272
list index out of range | new_c/%23tuesdaythoughts_1582504_trends_2020-06-02-12-24_1000.log | method is great for targeted brand visibility and engagement   @versaresearch https://t.co/nQu2dIVtfE #versaresearch #marketres #nigerianresearch #data #BlackLivesMatter #TuesdayThoughts

generated augmented sentences with eda for new_c/%23tuesdaythoughts_1582504_trends_2020-06-02-12-24_1000.log to new_aug/augmented_58.txt with num_aug=50
280
generated augmented sentences with eda for new_c/Vallejo_2487956_trends_2020-06-02-12-25_1000.log to new_aug/augmented_59.txt with num_aug=50
284
generated augmented sentences with eda for new_c/%22Black+and+Asian%22_44418_trends_2020-06-02-17-23_1000.log to new_aug/augmented_60.txt with num_aug=50
287
generated augmented sentences with eda for new_c/%22NO+MEANS+NO%22_2487956_trends_2020-06-02-10-53_1000.log to new_aug/augmented_61.txt with num_aug=50
292
generated augmented sentences with eda for new_c/Condemn_44418_trends_2020-06-02-18-55_1000.log to new_aug/augmented_62.txt with num_aug=50
300
generated augmented sentences with eda for new_c/%23bunkerbabytrump_1105779_trends_2020-06-02-10-46_1000.log to new_aug/augmented_63.txt with num_aug=50
306
generated augmented sentences with eda for new_c/Kairi_44418_trends_2020-06-02-10-16_1000.log to new_aug/augmented_64.txt with num_aug=50
315
generated augmented sentences with eda for new_c/%23phillyexplosions_2487956_trends_2020-06-02-17-21_1000.log to new_aug/augmented_65.txt with num_aug=50
318
generated augmented sentences with eda for new_c/%23USARIOTS_1105779_trends_2020-06-02-10-54_1000.log to new_aug/augmented_66.txt with num_aug=50
324
generated augmented sentences with eda for new_c/%23whyididntreport_1105779_trends_2020-06-02-18-54_1000.log to new_aug/augmented_67.txt with num_aug=50
333
generated augmented sentences with eda for new_c/%22Rahul+Dubey%22_2487956_trends_2020-06-02-18-54_1000.log to new_aug/augmented_68.txt with num_aug=50
335
generated augmented sentences with eda for new_c/%23june1st_1582504_trends_2020-06-02-17-21_1000.log to new_aug/augmented_69.txt with num_aug=50
340
generated augmented sentences with eda for new_c/%22south+africa%22_1582504_trends_2020-06-02-12-55_1000.log to new_aug/augmented_70.txt with num_aug=50
348
generated augmented sentences with eda for new_c/Build_1582504_trends_2020-06-02-10-14_1000.log to new_aug/augmented_71.txt with num_aug=50
357
generated augmented sentences with eda for new_c/%23SwannStreet_2487956_trends_2020-06-02-11-24_1000.log to new_aug/augmented_72.txt with num_aug=50
361
generated augmented sentences with eda for new_c/%23mondaymotivation_1582504_trends_2020-06-02-18-22_1000.log to new_aug/augmented_73.txt with num_aug=50
369
generated augmented sentences with eda for new_c/Kasie_2487956_trends_2020-06-02-17-52_1000.log to new_aug/augmented_74.txt with num_aug=50
373
generated augmented sentences with eda for new_c/%23riots2020_1105779_trends_2020-06-02-17-22_1000.log to new_aug/augmented_75.txt with num_aug=50
381
generated augmented sentences with eda for new_c/%23savejenny_2487956_trends_2020-06-02-10-15_1000.log to new_aug/augmented_76.txt with num_aug=50
384
generated augmented sentences with eda for new_c/%22High+Court%22_1582504_trends_2020-06-02-16-29_1000.log to new_aug/augmented_77.txt with num_aug=50
390
generated augmented sentences with eda for new_c/%22Senior+White+House%22_2487956_trends_2020-06-02-12-25_1000.log to new_aug/augmented_78.txt with num_aug=50
393
data: 46663, all: 100, hit: 33, rate: 0.33
data: 94705, all: 100, hit: 59, rate: 0.59
data: 142747, all: 100, hit: 72, rate: 0.72
data: 190789, all: 100, hit: 84, rate: 0.84
data: 31982, all: 100, hit: 20, rate: 0.2
data: 64418, all: 100, hit: 48, rate: 0.48
data: 96854, all: 100, hit: 61, rate: 0.61
data: 129290, all: 100, hit: 76, rate: 0.76
data: 83806, all: 100, hit: 49, rate: 0.49
data: 168568, all: 100, hit: 90, rate: 0.9
data: 253330, all: 100, hit: 97, rate: 0.97
data: 338092, all: 100, hit: 100, rate: 1.0
data: 61857, all: 100, hit: 33, rate: 0.33
data: 125505, all: 100, hit: 69, rate: 0.69
data: 189153, all: 100, hit: 82, rate: 0.82
data: 252801, all: 100, hit: 92, rate: 0.92
data: 61679, all: 100, hit: 37, rate: 0.37
data: 125123, all: 100, hit: 70, rate: 0.7
data: 188567, all: 100, hit: 86, rate: 0.86
data: 252011, all: 100, hit: 96, rate: 0.96
data: 38878, all: 100, hit: 14, rate: 0.14
data: 80086, all: 100, hit: 53, rate: 0.53
data: 121294, all: 100, hit: 69, rate: 0.69
data: 162502, all: 100, hit: 81, rate: 0.81
data: 75519, all: 100, hit: 41, rate: 0.41
data: 153039, all: 100, hit: 71, rate: 0.71
data: 230559, all: 100, hit: 92, rate: 0.92
data: 308079, all: 100, hit: 98, rate: 0.98
data: 40673, all: 100, hit: 24, rate: 0.24
data: 83921, all: 100, hit: 45, rate: 0.45
data: 127169, all: 100, hit: 66, rate: 0.66
data: 170417, all: 100, hit: 84, rate: 0.84
data: 49153, all: 100, hit: 19, rate: 0.19
data: 100051, all: 100, hit: 56, rate: 0.56
data: 150949, all: 100, hit: 81, rate: 0.81
data: 201847, all: 100, hit: 92, rate: 0.92
data: 54719, all: 100, hit: 37, rate: 0.37
data: 111737, all: 100, hit: 69, rate: 0.69
data: 168755, all: 100, hit: 92, rate: 0.92
data: 225773, all: 100, hit: 96, rate: 0.96
data: 72047, all: 100, hit: 44, rate: 0.44
data: 145283, all: 100, hit: 81, rate: 0.81
data: 218519, all: 100, hit: 90, rate: 0.9
data: 291755, all: 100, hit: 96, rate: 0.96
data: 9302, all: 100, hit: 1, rate: 0.01
data: 18788, all: 100, hit: 2, rate: 0.02
data: 28274, all: 100, hit: 7, rate: 0.07
data: 37760, all: 100, hit: 15, rate: 0.15
data: 63302, all: 100, hit: 34, rate: 0.34
data: 128378, all: 100, hit: 63, rate: 0.63
data: 193454, all: 100, hit: 82, rate: 0.82
data: 258530, all: 100, hit: 93, rate: 0.93
data: 43399, all: 100, hit: 22, rate: 0.22
data: 88585, all: 100, hit: 49, rate: 0.49
data: 133771, all: 100, hit: 62, rate: 0.62
data: 178957, all: 100, hit: 79, rate: 0.79
data: 49954, all: 100, hit: 34, rate: 0.34
data: 101770, all: 100, hit: 69, rate: 0.69
data: 153586, all: 100, hit: 84, rate: 0.84
data: 205402, all: 100, hit: 91, rate: 0.91
data: 81921, all: 100, hit: 44, rate: 0.44
data: 165051, all: 100, hit: 88, rate: 0.88
data: 248181, all: 100, hit: 96, rate: 0.96
data: 331311, all: 100, hit: 99, rate: 0.99
data: 28336, all: 100, hit: 12, rate: 0.12
data: 57406, all: 100, hit: 31, rate: 0.31
data: 86476, all: 100, hit: 49, rate: 0.49
data: 115546, all: 100, hit: 71, rate: 0.71
data: 60502, all: 100, hit: 25, rate: 0.25
data: 122212, all: 100, hit: 70, rate: 0.7
data: 183922, all: 100, hit: 93, rate: 0.93
data: 245632, all: 100, hit: 95, rate: 0.95
data: 60309, all: 100, hit: 32, rate: 0.32
data: 123753, all: 100, hit: 61, rate: 0.61
data: 187197, all: 100, hit: 82, rate: 0.82
data: 250641, all: 100, hit: 93, rate: 0.93
data: 58849, all: 100, hit: 30, rate: 0.3
data: 119335, all: 100, hit: 65, rate: 0.65
data: 179821, all: 100, hit: 87, rate: 0.87
data: 240307, all: 100, hit: 95, rate: 0.95
data: 26431, all: 100, hit: 8, rate: 0.08
data: 54889, all: 100, hit: 20, rate: 0.2
data: 83347, all: 100, hit: 44, rate: 0.44
data: 111805, all: 100, hit: 62, rate: 0.62
data: 41048, all: 100, hit: 21, rate: 0.21
data: 83072, all: 100, hit: 52, rate: 0.52
data: 125096, all: 100, hit: 71, rate: 0.71
data: 167120, all: 100, hit: 87, rate: 0.87
data: 66666, all: 100, hit: 30, rate: 0.3
data: 135210, all: 100, hit: 68, rate: 0.68
data: 203754, all: 100, hit: 85, rate: 0.85
data: 272298, all: 100, hit: 93, rate: 0.93
data: 53086, all: 100, hit: 26, rate: 0.26
data: 108880, all: 100, hit: 61, rate: 0.61
data: 164674, all: 100, hit: 78, rate: 0.78
data: 220468, all: 100, hit: 84, rate: 0.84
data: 47625, all: 100, hit: 25, rate: 0.25
data: 96381, all: 100, hit: 61, rate: 0.61
data: 145137, all: 100, hit: 85, rate: 0.85
data: 193893, all: 100, hit: 90, rate: 0.9
data: 75642, all: 100, hit: 54, rate: 0.54
data: 153264, all: 100, hit: 87, rate: 0.87
data: 230886, all: 100, hit: 99, rate: 0.99
data: 308508, all: 100, hit: 100, rate: 1.0
data: 52066, all: 100, hit: 27, rate: 0.27
data: 105820, all: 100, hit: 60, rate: 0.6
data: 159574, all: 100, hit: 77, rate: 0.77
data: 213328, all: 100, hit: 92, rate: 0.92
data: 66754, all: 100, hit: 41, rate: 0.41
data: 135298, all: 100, hit: 74, rate: 0.74
data: 203842, all: 100, hit: 90, rate: 0.9
data: 272386, all: 100, hit: 96, rate: 0.96
data: 53820, all: 100, hit: 32, rate: 0.32
data: 109512, all: 100, hit: 71, rate: 0.71
data: 165204, all: 100, hit: 86, rate: 0.86
data: 220896, all: 100, hit: 96, rate: 0.96
data: 13835, all: 100, hit: 6, rate: 0.06
data: 28421, all: 100, hit: 15, rate: 0.15
data: 43007, all: 100, hit: 19, rate: 0.19
data: 57593, all: 100, hit: 29, rate: 0.29
data: 56431, all: 100, hit: 29, rate: 0.29
data: 114673, all: 100, hit: 66, rate: 0.66
data: 172915, all: 100, hit: 81, rate: 0.81
data: 231157, all: 100, hit: 94, rate: 0.94
data: 51806, all: 100, hit: 29, rate: 0.29
data: 105050, all: 100, hit: 55, rate: 0.55
data: 158294, all: 100, hit: 78, rate: 0.78
data: 211538, all: 100, hit: 85, rate: 0.85
data: 20859, all: 100, hit: 3, rate: 0.03
data: 43299, all: 100, hit: 19, rate: 0.19
data: 65739, all: 100, hit: 33, rate: 0.33
data: 88179, all: 100, hit: 45, rate: 0.45
data: 62257, all: 100, hit: 25, rate: 0.25
data: 126517, all: 100, hit: 65, rate: 0.65
data: 190777, all: 100, hit: 88, rate: 0.88
data: 255037, all: 100, hit: 95, rate: 0.95
data: 47477, all: 100, hit: 24, rate: 0.24
data: 96335, all: 100, hit: 56, rate: 0.56
data: 145193, all: 100, hit: 78, rate: 0.78
data: 194051, all: 100, hit: 90, rate: 0.9
data: 51693, all: 100, hit: 34, rate: 0.34
data: 105855, all: 100, hit: 66, rate: 0.66
data: 160017, all: 100, hit: 81, rate: 0.81
data: 214179, all: 100, hit: 89, rate: 0.89
data: 80390, all: 100, hit: 43, rate: 0.43
data: 163316, all: 100, hit: 89, rate: 0.89
data: 246242, all: 100, hit: 97, rate: 0.97
data: 329168, all: 100, hit: 100, rate: 1.0
data: 43772, all: 100, hit: 17, rate: 0.17
data: 89060, all: 100, hit: 43, rate: 0.43
data: 134348, all: 100, hit: 68, rate: 0.68
data: 179636, all: 100, hit: 82, rate: 0.82
data: 70205, all: 100, hit: 10, rate: 0.1
data: 143645, all: 100, hit: 38, rate: 0.38
data: 217085, all: 100, hit: 55, rate: 0.55
data: 290525, all: 100, hit: 69, rate: 0.69
data: 49870, all: 100, hit: 25, rate: 0.25
data: 101686, all: 100, hit: 57, rate: 0.57
data: 153502, all: 100, hit: 80, rate: 0.8
data: 205318, all: 100, hit: 87, rate: 0.87
data: 7299, all: 100, hit: 1, rate: 0.01
data: 15561, all: 100, hit: 3, rate: 0.03
data: 23823, all: 100, hit: 8, rate: 0.08
data: 32085, all: 100, hit: 11, rate: 0.11
data: 64829, all: 100, hit: 33, rate: 0.33
data: 131741, all: 100, hit: 72, rate: 0.72
data: 198653, all: 100, hit: 91, rate: 0.91
data: 265565, all: 100, hit: 98, rate: 0.98
data: 48881, all: 100, hit: 26, rate: 0.26
data: 99473, all: 100, hit: 55, rate: 0.55
data: 150065, all: 100, hit: 81, rate: 0.81
data: 200657, all: 100, hit: 92, rate: 0.92
data: 63999, all: 100, hit: 41, rate: 0.41
data: 129891, all: 100, hit: 77, rate: 0.77
data: 195783, all: 100, hit: 91, rate: 0.91
data: 261675, all: 100, hit: 97, rate: 0.97
data: 72950, all: 100, hit: 42, rate: 0.42
data: 147410, all: 100, hit: 77, rate: 0.77
data: 221870, all: 100, hit: 90, rate: 0.9
data: 296330, all: 100, hit: 98, rate: 0.98
data: 32867, all: 100, hit: 16, rate: 0.16
data: 66731, all: 100, hit: 32, rate: 0.32
data: 100595, all: 100, hit: 61, rate: 0.61
data: 134459, all: 100, hit: 77, rate: 0.77
data: 63817, all: 100, hit: 36, rate: 0.36
data: 129607, all: 100, hit: 74, rate: 0.74
data: 195397, all: 100, hit: 86, rate: 0.86
data: 261187, all: 100, hit: 94, rate: 0.94
data: 59717, all: 100, hit: 29, rate: 0.29
data: 121019, all: 100, hit: 67, rate: 0.67
data: 182321, all: 100, hit: 82, rate: 0.82
data: 243623, all: 100, hit: 97, rate: 0.97
data: 58258, all: 100, hit: 26, rate: 0.26
data: 118132, all: 100, hit: 73, rate: 0.73
data: 178006, all: 100, hit: 91, rate: 0.91
data: 237880, all: 100, hit: 95, rate: 0.95
data: 38876, all: 100, hit: 20, rate: 0.2
data: 79472, all: 100, hit: 45, rate: 0.45
data: 120068, all: 100, hit: 65, rate: 0.65
data: 160664, all: 100, hit: 83, rate: 0.83
data: 44075, all: 100, hit: 19, rate: 0.19
data: 89669, all: 100, hit: 51, rate: 0.51
data: 135263, all: 100, hit: 74, rate: 0.74
data: 180857, all: 100, hit: 86, rate: 0.86
data: 49205, all: 100, hit: 22, rate: 0.22
data: 99797, all: 100, hit: 57, rate: 0.57
data: 150389, all: 100, hit: 80, rate: 0.8
data: 200981, all: 100, hit: 92, rate: 0.92
data: 51848, all: 100, hit: 31, rate: 0.31
data: 104786, all: 100, hit: 65, rate: 0.65
data: 157724, all: 100, hit: 84, rate: 0.84
data: 210662, all: 100, hit: 91, rate: 0.91
data: 75564, all: 100, hit: 49, rate: 0.49
data: 152064, all: 100, hit: 86, rate: 0.86
data: 228564, all: 100, hit: 91, rate: 0.91
data: 305064, all: 100, hit: 97, rate: 0.97
data: 74378, all: 100, hit: 39, rate: 0.39
data: 150266, all: 100, hit: 79, rate: 0.79
data: 226154, all: 100, hit: 94, rate: 0.94
data: 302042, all: 100, hit: 99, rate: 0.99
data: 39511, all: 100, hit: 21, rate: 0.21
data: 80515, all: 100, hit: 46, rate: 0.46
data: 121519, all: 100, hit: 70, rate: 0.7
data: 162523, all: 100, hit: 80, rate: 0.8
data: 31891, all: 100, hit: 15, rate: 0.15
data: 64531, all: 100, hit: 35, rate: 0.35
data: 97171, all: 100, hit: 51, rate: 0.51
data: 129811, all: 100, hit: 68, rate: 0.68
data: 50243, all: 100, hit: 33, rate: 0.33
data: 102059, all: 100, hit: 69, rate: 0.69
data: 153875, all: 100, hit: 90, rate: 0.9
data: 205691, all: 100, hit: 98, rate: 0.98
data: 33514, all: 100, hit: 12, rate: 0.12
data: 67582, all: 100, hit: 34, rate: 0.34
data: 101650, all: 100, hit: 50, rate: 0.5
data: 135718, all: 100, hit: 66, rate: 0.66
data: 35536, all: 100, hit: 14, rate: 0.14
data: 71950, all: 100, hit: 40, rate: 0.4
data: 108364, all: 100, hit: 57, rate: 0.57
data: 144778, all: 100, hit: 75, rate: 0.75
data: 33221, all: 100, hit: 13, rate: 0.13
data: 67289, all: 100, hit: 39, rate: 0.39
data: 101357, all: 100, hit: 59, rate: 0.59
data: 135425, all: 100, hit: 74, rate: 0.74
data: 76902, all: 100, hit: 47, rate: 0.47
data: 156462, all: 100, hit: 80, rate: 0.8
data: 236022, all: 100, hit: 93, rate: 0.93
data: 315582, all: 100, hit: 99, rate: 0.99
data: 68610, all: 100, hit: 47, rate: 0.47
data: 138888, all: 100, hit: 79, rate: 0.79
data: 209166, all: 100, hit: 89, rate: 0.89
data: 279444, all: 100, hit: 95, rate: 0.95
data: 31842, all: 100, hit: 16, rate: 0.16
data: 64584, all: 100, hit: 31, rate: 0.31
data: 97326, all: 100, hit: 49, rate: 0.49
data: 130068, all: 100, hit: 65, rate: 0.65
data: 54436, all: 100, hit: 28, rate: 0.28
data: 110944, all: 100, hit: 60, rate: 0.6
data: 167452, all: 100, hit: 84, rate: 0.84
data: 223960, all: 100, hit: 90, rate: 0.9
data: 52419, all: 100, hit: 32, rate: 0.32
data: 107091, all: 100, hit: 64, rate: 0.64
data: 161763, all: 100, hit: 79, rate: 0.79
data: 216435, all: 100, hit: 90, rate: 0.9
data: 36595, all: 100, hit: 19, rate: 0.19
data: 74335, all: 100, hit: 42, rate: 0.42
data: 112075, all: 100, hit: 61, rate: 0.61
data: 149815, all: 100, hit: 79, rate: 0.79
data: 46394, all: 100, hit: 21, rate: 0.21
data: 93824, all: 100, hit: 57, rate: 0.57
data: 141254, all: 100, hit: 74, rate: 0.74
data: 188684, all: 100, hit: 89, rate: 0.89
data: 64039, all: 100, hit: 37, rate: 0.37
data: 130135, all: 100, hit: 68, rate: 0.68
data: 196231, all: 100, hit: 87, rate: 0.87
data: 262327, all: 100, hit: 96, rate: 0.96
data: 7170, all: 100, hit: 1, rate: 0.01
data: 15228, all: 100, hit: 1, rate: 0.01
data: 23286, all: 100, hit: 4, rate: 0.04
data: 31344, all: 100, hit: 10, rate: 0.1
data: 47471, all: 100, hit: 34, rate: 0.34
data: 96839, all: 100, hit: 60, rate: 0.6
data: 146207, all: 100, hit: 78, rate: 0.78
data: 195575, all: 100, hit: 88, rate: 0.88
data: 39010, all: 100, hit: 21, rate: 0.21
data: 79606, all: 100, hit: 50, rate: 0.5
data: 120202, all: 100, hit: 70, rate: 0.7
data: 160798, all: 100, hit: 80, rate: 0.8
data: 39951, all: 100, hit: 24, rate: 0.24
data: 80853, all: 100, hit: 51, rate: 0.51
data: 121755, all: 100, hit: 65, rate: 0.65
data: 162657, all: 100, hit: 78, rate: 0.78
data: 55844, all: 100, hit: 28, rate: 0.28
data: 113474, all: 100, hit: 66, rate: 0.66
data: 171104, all: 100, hit: 87, rate: 0.87
data: 228734, all: 100, hit: 92, rate: 0.92
data: 54384, all: 100, hit: 35, rate: 0.35
data: 110586, all: 100, hit: 63, rate: 0.63
data: 166788, all: 100, hit: 84, rate: 0.84
data: 222990, all: 100, hit: 94, rate: 0.94
data: 59230, all: 100, hit: 24, rate: 0.24
data: 120634, all: 100, hit: 52, rate: 0.52
data: 182038, all: 100, hit: 70, rate: 0.7
data: 243442, all: 100, hit: 83, rate: 0.83
data: 17561, all: 100, hit: 1, rate: 0.01
data: 35411, all: 100, hit: 12, rate: 0.12
data: 53261, all: 100, hit: 29, rate: 0.29
data: 71111, all: 100, hit: 38, rate: 0.38
data: 52742, all: 100, hit: 28, rate: 0.28
data: 107720, all: 100, hit: 72, rate: 0.72
data: 162698, all: 100, hit: 85, rate: 0.85
data: 217676, all: 100, hit: 90, rate: 0.9
data: 45718, all: 100, hit: 23, rate: 0.23
data: 92434, all: 100, hit: 59, rate: 0.59
data: 139150, all: 100, hit: 77, rate: 0.77
data: 185866, all: 100, hit: 89, rate: 0.89
